<?xml version="1.0" encoding="UTF-8"?>
<!-- Generated by org.testng.reporters.JUnitXMLReporter -->
<testsuite ignored="9" hostname="LAPTOP-E1C5FRAO" failures="0" tests="1" name="Default test" time="9.67" errors="0" timestamp="2023-08-24T17:14:18 IST">
  <testcase classname="Tests.TestDetails" name="testactivity3" time="0.581"/>
  <testcase classname="Tests.TestDetails" name="testactivity4" time="0.0">
    <ignored/>
  </testcase> <!-- testactivity4 -->
  <testcase classname="Tests.TestDetails" name="testactivity2" time="0.0">
    <ignored/>
  </testcase> <!-- testactivity2 -->
  <testcase classname="Tests.TestDetails" name="testactivity9" time="0.0">
    <ignored/>
  </testcase> <!-- testactivity9 -->
  <testcase classname="Tests.TestDetails" name="testactivity5" time="0.0">
    <ignored/>
  </testcase> <!-- testactivity5 -->
  <testcase classname="Tests.TestDetails" name="testactivity8" time="0.0">
    <ignored/>
  </testcase> <!-- testactivity8 -->
  <testcase classname="Tests.TestDetails" name="testactivity1" time="0.0">
    <ignored/>
  </testcase> <!-- testactivity1 -->
  <testcase classname="Tests.TestDetails" name="testactivity6" time="0.0">
    <ignored/>
  </testcase> <!-- testactivity6 -->
  <testcase classname="Tests.TestDetails" name="testactivity10" time="0.0">
    <ignored/>
  </testcase> <!-- testactivity10 -->
  <testcase classname="Tests.TestDetails" name="testactivity7" time="0.0">
    <ignored/>
  </testcase> <!-- testactivity7 -->
</testsuite> <!-- Default test -->
